Got a search request by User{id=80230692, firstName='Bernard', lastName='Yip', userName='SimpleLegend'} for sun plaza
Returned:
No stops nearby
======================================================
Got a search request by User{id=80230692, firstName='Bernard', lastName='Yip', userName='SimpleLegend'} for sun plaza
Returned:
No stops nearby
======================================================
Got a search request by User{id=80230692, firstName='Bernard', lastName='Yip', userName='SimpleLegend'} for hougang stadium
Returned:
?07319 *Aft Allenby Rd*
?*130*: 2min  |  13min
?*139*: 2min  |  13min
?*147*: 3min  |  21min
?*23*: 2min  |  19min
?*64*: 15min  |  26min
?*65*: 13min  |  29min
?*66*: 13min  |  19min
?*67*: 1min  |  10min
?*857*: 9min  |  18min
?*66A*: N/A
?*67A*: N/A
?*66B*: N/A

?07331 *Aft King George's Ave*
?*130*: Arr  |  15min

?07361 *Bef Kallang Bahru*
?*13*: 7min  |  25min
?*133*: 21min  |  24min
?*141*: Arr  |  7min
?*145*: 17min  |  36min
?*67*: 7min  |  19min
?*67A*: N/A

======================================================
Got a search request by User{id=80230692, firstName='Bernard', lastName='Yip', userName='SimpleLegend'} for amk hub
Returned:
?70279 *Opp Trinity @ Paya Lebar*
?*158*: 6min  |  20min
?*22*: 7min  |  21min
?*24*: Arr  |  12min
?*28*: 2min  |  15min
?*43*: 2min  |  24min
?*58*: 2min  |  19min
?*70M*: 15min  |  18min
?*76*: 3min  |  18min
?*8*: 3min  |  13min
?*80*: 2min  |  15min
?*70*: N/A

?71011 *Aft Paya Lebar Rd*
?*151*: Arr  |  10min
?*90*: Arr  |  14min
?*93*: 16min  |  32min

?70271 *Le Crescendo*
?*22*: 8min  |  25min
?*24*: 10min  |  15min
?*28*: 12min  |  27min
?*43*: Arr  |  19min
?*58*: 9min  |  29min
?*70M*: 17min  |  34min
?*76*: 1min  |  11min
?*8*: 1min  |  14min
?*80*: 4min  |  21min
?*158*: N/A
?*70*: N/A

?70091 *Opp Traffic Police*
?*58*: 3min  |  20min

?70099 *Traffic Police*
?*58*: 7min  |  28min

======================================================
Got a search request by User{id=80230692, firstName='Bernard', lastName='Yip', userName='SimpleLegend'} for amkhub
Got a search request by User{id=80230692, firstName='Bernard', lastName='Yip', userName='SimpleLegend'} for amkhub
Got a search request by User{id=80230692, firstName='Bernard', lastName='Yip', userName='SimpleLegend'} for amkhub
Got a search request by User{id=80230692, firstName='Bernard', lastName='Yip', userName='SimpleLegend'} for amkhub
Got a search request by User{id=80230692, firstName='Bernard', lastName='Yip', userName='SimpleLegend'} for amkhub
Got a search request by User{id=80230692, firstName='Bernard', lastName='Yip', userName='SimpleLegend'} for suntec
Got a search request by User{id=80230692, firstName='Bernard', lastName='Yip', userName='SimpleLegend'} for amk
Got a search request by User{id=80230692, firstName='Bernard', lastName='Yip', userName='SimpleLegend'} for amk
Got a search request by User{id=80230692, firstName='Bernard', lastName='Yip', userName='SimpleLegend'} for amk
Got a search request by User{id=80230692, firstName='Bernard', lastName='Yip', userName='SimpleLegend'} for amk
======================================================
Got a search request by User{id=80230692, firstName='Bernard', lastName='Yip', userName='SimpleLegend'} for sun plaza
======================================================
Got a search request by User{id=80230692, firstName='Bernard', lastName='Yip', userName='SimpleLegend'} for singapore 530615
Got a search request by User{id=80230692, firstName='Bernard', lastName='Yip', userName='SimpleLegend'} for 530615
======================================================
Got a search request by User{id=80230692, firstName='Bernard', lastName='Yip', userName='SimpleLegend'} for singapore 530615
Got a search request by User{id=80230692, firstName='Bernard', lastName='Yip', userName='SimpleLegend'} for hougang stadium
Returned:
?63331 *Blk 615*
?*112*: Arr  |  17min
?*132*: 6min  |  19min
?*25*: 10min  |  14min
?*55*: 6min  |  21min
?*854*: 7min  |  17min
?*854E*: N/A

?63379 *Blk 608*
?*112*: 13min  |  32min
?*147*: 3min  |  13min
?*165*: 6min  |  16min
?*74*: 10min  |  16min

?63359 *Hougang Swim Cplx*
?*107M*: 14min  |  29min
?*113*: 2min  |  15min
?*325*: 3min  |  12min
?*62*: 10min  |  22min
?*82*: 7min  |  18min
?*107*: N/A

?63351 *Opp Hougang Swim Cplx*
?*107M*: 3min  |  17min
?*113*: Arr  |  11min
?*325*: 12min  |  28min
?*62*: Arr  |  11min
?*82*: 13min  |  22min
?*107*: N/A
?*62A*: N/A

?63371 *Blk 679*
?*112*: 2min  |  21min
?*147*: 2min  |  14min
?*165*: 10min  |  21min
?*74*: Arr  |  12min

======================================================
Got a search request by User{id=80230692, firstName='Bernard', lastName='Yip', userName='SimpleLegend'} for sun plaza
Returned:
?58009 *Sembawang Int*
?*117*: 3min  |  16min
?*167*: 14min  |  29min
?*859*: 2min  |  7min
?*882*: 2min  |  11min
?*883*: 16min  |  31min
?*980*: 1min  |  13min
?*859B*: N/A
?*981*: N/A
?*882A*: N/A
?*859A*: N/A

?58241 *Opp Blk 315*
?*859*: 4min  |  5min
?*859A*: N/A

?58251 *Sun Plaza*
?*117*: 3min  |  14min
?*859*: 27min  |  35min
?*882*: 2min  |  24min
?*883*: 6min  |  15min
?*962*: 4min  |  29min
?*980*: 3min  |  5min
?*859B*: N/A
?*962B*: N/A
?*981*: N/A
?*NR2*: N/A

?58259 *Opp Sun Plaza*
?*117*: 4min  |  17min
?*859*: 3min  |  5min
?*882*: 3min  |  5min
?*883*: 17min  |  32min
?*962*: 13min  |  24min
?*980*: Arr  |  26min
?*962B*: N/A
?*981*: N/A
?*882A*: N/A
?*859A*: N/A

?58211 *Sembawang Stn*
?*117*: 1min  |  12min
?*858*: 10min  |  17min
?*859*: 25min  |  33min
?*882*: Arr  |  22min
?*883*: 4min  |  14min
?*859B*: N/A
?*981*: N/A

======================================================
Got a search request by User{id=80230692, firstName='Bernard', lastName='Yip', userName='SimpleLegend'} for amk hub
Returned:
?55039 *NCS Hub*
?*163*: 7min  |  26min
?*854*: 2min  |  9min
?*857*: 3min  |  4min
?*86*: Arr  |  20min

?55031 *Opp NCS Hub*
?*163*: 6min  |  23min
?*854*: Arr  |  16min
?*857*: 8min  |  15min
?*86*: Arr  |  11min
?*857A*: N/A

?55229 *SMRT Buses AMK Depot*
?*268*: 6min  |  19min
?*70M*: 21min  |  34min
?*70*: N/A

?55221 *Opp SMRT Buses AMK Depot*
?*268*: 8min  |  20min
?*70M*: 5min  |  14min
?*70*: N/A

?55211 *Aft Ang Mo Kio Fire Stn*
?*268*: 7min  |  19min

======================================================
Got a search request by User{id=80230692, firstName='Bernard', lastName='Yip', userName='SimpleLegend'} for amk hub
Returned:
?54009 *Ang Mo Kio Int*
?*130*: 10min  |  24min
?*133*: 4min  |  19min
?*135*: 10min  |  26min
?*136*: 1min  |  16min
?*138*: 3min  |  16min
?*166*: 10min  |  24min
?*169*: 3min  |  16min
?*22*: 13min  |  30min
?*24*: 7min  |  18min
?*25*: 8min  |  17min
?*261*: Arr  |  7min
?*262*: 6min  |  17min
?*265*: 1min  |  11min
?*269*: 1min  |  10min
?*73*: 11min  |  24min
?*86*: 11min  |  26min
?*135A*: N/A

?54247 *Blk 322*
?*138*: Arr  |  6min
?*162M*: 22min  |  27min
?*169*: Arr  |  5min
?*853C*: 3min  |  11min
?*86*: 3min  |  13min
?*853*: N/A
?*162*: N/A

?54248 *Blk 324*
?*130*: 3min  |  12min
?*132*: Arr  |  9min
?*133*: 6min  |  21min
?*136*: 3min  |  18min
?*165*: Arr  |  13min
?*166*: 3min  |  12min
?*265*: 8min  |  19min
?*268*: 6min  |  17min
?*269*: 3min  |  12min
?*74*: Arr  |  13min
?*76*: 6min  |  22min
?*88*: Arr  |  7min
?*CT8*: 24min
?*1N*: N/A
?*74e*: N/A
?*268C*: N/A

?54399 *Opp Blk 710*
?*159*: 7min  |  22min
?*265*: Arr  |  11min
?*50*: 2min  |  25min
?*128*: N/A

?54241 *Blk 700B*
?*130*: Arr  |  21min
?*132*: 9min  |  18min
?*133*: 15min  |  37min
?*136*: 4min  |  8min
?*138*: 7min  |  36min
?*162M*: 8min  |  25min
?*165*: Arr  |  11min
?*166*: 28min
?*169*: 9min  |  12min
?*265*: 7min  |  16min
?*268*: Arr  |  9min
?*269*: 1min  |  9min
?*74*: Arr  |  9min
?*76*: 1min  |  12min
?*853C*: 6min  |  17min
?*86*: 13min  |  26min
?*88*: 3min  |  7min
?*CT8*: 18min
?*268B*: N/A
?*853*: N/A
?*74e*: N/A
?*162*: N/A

======================================================
Got a search request by User{id=80230692, firstName='Bernard', lastName='Yip', userName='SimpleLegend'} for sun plaza
Returned:
?58251 *Sun Plaza*
?*117*: Arr  |  10min
?*859*: 11min  |  22min
?*882*: 16min  |  23min
?*883*: Arr  |  17min
?*962*: 16min  |  25min
?*980*: 3min  |  15min
?*859B*: N/A
?*962B*: N/A
?*981*: N/A
?*NR2*: N/A

?58009 *Sembawang Int*
?*117*: 2min  |  15min
?*167*: Arr  |  15min
?*859*: 3min  |  7min
?*882*: 6min  |  15min
?*883*: 17min  |  32min
?*980*: Arr  |  11min
?*859B*: N/A
?*981*: N/A
?*882A*: N/A
?*859A*: N/A

?58259 *Opp Sun Plaza*
?*117*: 3min  |  16min
?*859*: Arr  |  5min
?*882*: Arr  |  9min
?*883*: 18min  |  33min
?*962*: Arr  |  9min
?*980*: 12min  |  26min
?*962B*: N/A
?*981*: N/A
?*882A*: N/A
?*859A*: N/A

?58241 *Opp Blk 315*
?*859*: Arr  |  7min
?*859A*: N/A

?58211 *Sembawang Stn*
?*117*: Arr  |  9min
?*858*: 4min  |  13min
?*859*: 9min  |  21min
?*882*: 14min  |  22min
?*883*: Arr  |  15min
?*859B*: N/A
?*981*: N/A

======================================================
Got a search request by User{id=80230692, firstName='Bernard', lastName='Yip', userName='SimpleLegend'} for opp blk 315
Returned:
?43489 *Opp Blk 315*
?*187*: 10min  |  27min
?*188*: 7min  |  20min
?*188R*: 27min
?*947*: 12min  |  21min
?*985*: 5min  |  15min
?*NR8*: N/A

?43481 *Blk 315*
?*187*: 14min  |  25min
?*188*: Arr  |  10min
?*188R*: 17min
?*947*: 4min  |  18min
?*985*: Arr  |  11min
?*188E*: N/A
?*868*: N/A

?43471 *Blk 306*
?*187*: 15min  |  26min
?*188*: Arr  |  11min
?*188R*: 17min
?*947*: 5min  |  19min
?*985*: Arr  |  12min
?*868*: N/A
?*188E*: N/A

?43479 *Opp Blk 305*
?*187*: 9min  |  26min
?*188*: 7min  |  20min
?*188R*: 27min
?*947*: 11min  |  20min
?*985*: 5min  |  14min
?*NR8*: N/A

?43841 *Blk 324*
?*945*: 4min  |  12min

======================================================
Got a search request by User{id=80230692, firstName='Bernard', lastName='Yip', userName='SimpleLegend'} for 43471
Returned:
?43471 *Blk 306*
?*187*: 15min  |  26min
?*188*: Arr  |  11min
?*188R*: 17min
?*947*: 5min  |  19min
?*985*: Arr  |  12min
?*868*: N/A
?*188E*: N/A

?43479 *Opp Blk 305*
?*187*: 9min  |  26min
?*188*: 6min  |  19min
?*188R*: 27min
?*947*: 11min  |  20min
?*985*: 5min  |  14min
?*NR8*: N/A

?43489 *Opp Blk 315*
?*187*: 10min  |  27min
?*188*: 7min  |  20min
?*188R*: 27min
?*947*: 12min  |  21min
?*985*: 5min  |  15min
?*NR8*: N/A

?43481 *Blk 315*
?*187*: 14min  |  25min
?*188*: Arr  |  10min
?*188R*: 17min
?*947*: 4min  |  18min
?*985*: Arr  |  11min
?*188E*: N/A
?*868*: N/A

?43469 *Bef Bt Batok West Ave 5*
?*187*: 9min  |  26min
?*188*: 6min  |  19min
?*188R*: 26min
?*947*: 11min  |  20min
?*985*: 4min  |  14min
?*NR8*: N/A
?*3N*: N/A

======================================================
Got a search request by User{id=80230692, firstName='Bernard', lastName='Yip', userName='SimpleLegend'} for /search
======================================================
Got a search request by User{id=80230692, firstName='Bernard', lastName='Yip', userName='SimpleLegend'} for /search
======================================================
